<?xml version="1.0" encoding="UTF-8"?>
<!-- Generated by org.testng.reporters.JUnitReportReporter -->
<testsuite hostname="DESKTOP-OLH669A" failures="0" tests="1" name="com.hrms.testscript.TC001" time="41.046" errors="0" timestamp="27 Aug 2022 18:14:05 GMT">
  <testcase classname="com.hrms.testscript.TC001" name="tc001" time="41.046"/>
</testsuite> <!-- com.hrms.testscript.TC001 -->
