<?xml version="1.0" encoding="UTF-8"?>
<!-- Generated by org.testng.reporters.JUnitReportReporter -->
<testsuite hostname="DESKTOP-OLH669A" failures="0" tests="1" name="com.hrms.testscript.TC002" time="19.180" errors="0" timestamp="27 Aug 2022 18:14:05 GMT">
  <testcase classname="com.hrms.testscript.TC002" name="tc002" time="19.180"/>
</testsuite> <!-- com.hrms.testscript.TC002 -->
